CRITICAL - 2023-08-13 05:16:04 --> Undefined property: stdClass::$access
in APPPATH/Controllers/App/RoleController.php on line 99.
 1 APPPATH/Controllers/App/RoleController.php(99): CodeIgniter\Debug\Exceptions->errorHandler(8, 'Undefined property: stdClass::$access', '/Applications/MAMP/htdocs/trainerapp/workout-webapp/app/Controllers/App/RoleController.php', 99, [...])
 2 SYSTEMPATH/CodeIgniter.php(932): App\Controllers\App\RoleController->update_permissions()
 3 SYSTEMPATH/CodeIgniter.php(497): CodeIgniter\CodeIgniter->runController(Object(App\Controllers\App\RoleController))
 4 SYSTEMPATH/CodeIgniter.php(366): CodeIgniter\CodeIgniter->handleRequest(null, Object(Config\Cache), false)
 5 FCPATH/index.php(67): CodeIgniter\CodeIgniter->run()
CRITICAL - 2023-08-13 05:32:16 --> Undefined variable: totalTime
in SYSTEMPATH/Debug/Toolbar/Views/toolbar.tpl.php on line 40.
 1 SYSTEMPATH/Debug/Toolbar/Views/toolbar.tpl.php(40): CodeIgniter\Debug\Exceptions->errorHandler(8, 'Undefined variable: totalTime', '/Applications/MAMP/htdocs/trainerapp/workout-webapp/system/Debug/Toolbar/Views/toolbar.tpl.php', 40, [...])
 2 SYSTEMPATH/Debug/Toolbar.php(511): include('/Applications/MAMP/htdocs/trainerapp/workout-webapp/system/Debug/Toolbar/Views/toolbar.tpl.php')
 3 SYSTEMPATH/Debug/Toolbar.php(474): CodeIgniter\Debug\Toolbar->format([...], 'html')
 4 APPPATH/Config/Events.php(46): CodeIgniter\Debug\Toolbar->respond()
 5 SYSTEMPATH/Events/Events.php(149): CodeIgniter\Events\Events::Config\{closure}()
 6 SYSTEMPATH/CodeIgniter.php(348): CodeIgniter\Events\Events::trigger('pre_system')
 7 FCPATH/index.php(67): CodeIgniter\CodeIgniter->run()
CRITICAL - 2023-08-13 07:32:05 --> syntax error, unexpected ''permissions'' (T_CONSTANT_ENCAPSED_STRING), expecting ']'
in APPPATH/Controllers/App/UserController.php on line 61.
 1 SYSTEMPATH/Autoloader/Autoloader.php(289): CodeIgniter\Autoloader\Autoloader->includeFile('/Applications/MAMP/htdocs/trainerapp/workout-webapp/app/Controllers/App/UserController.php')
 2 SYSTEMPATH/Autoloader/Autoloader.php(267): CodeIgniter\Autoloader\Autoloader->loadInNamespace('App\\Controllers\\App\\UserController')
 3 [internal function]: CodeIgniter\Autoloader\Autoloader->loadClass('App\\Controllers\\App\\UserController')
 4 [internal function]: spl_autoload_call('App\\Controllers\\App\\UserController')
 5 SYSTEMPATH/CodeIgniter.php(890): class_exists('\\App\\Controllers\\App\\UserController', true)
 6 SYSTEMPATH/CodeIgniter.php(484): CodeIgniter\CodeIgniter->startController()
 7 SYSTEMPATH/CodeIgniter.php(366): CodeIgniter\CodeIgniter->handleRequest(null, Object(Config\Cache), false)
 8 FCPATH/index.php(67): CodeIgniter\CodeIgniter->run()
CRITICAL - 2023-08-13 07:32:12 --> Call to undefined method App\Models\App\RoleModel::getRoles()
in APPPATH/Controllers/App/UserController.php on line 69.
 1 SYSTEMPATH/CodeIgniter.php(932): App\Controllers\App\UserController->create()
 2 SYSTEMPATH/CodeIgniter.php(497): CodeIgniter\CodeIgniter->runController(Object(App\Controllers\App\UserController))
 3 SYSTEMPATH/CodeIgniter.php(366): CodeIgniter\CodeIgniter->handleRequest(null, Object(Config\Cache), false)
 4 FCPATH/index.php(67): CodeIgniter\CodeIgniter->run()
CRITICAL - 2023-08-13 07:32:44 --> Undefined variable: roles
in APPPATH/Controllers/App/UserController.php on line 69.
 1 APPPATH/Controllers/App/UserController.php(69): CodeIgniter\Debug\Exceptions->errorHandler(8, 'Undefined variable: roles', '/Applications/MAMP/htdocs/trainerapp/workout-webapp/app/Controllers/App/UserController.php', 69, [...])
 2 SYSTEMPATH/CodeIgniter.php(932): App\Controllers\App\UserController->create()
 3 SYSTEMPATH/CodeIgniter.php(497): CodeIgniter\CodeIgniter->runController(Object(App\Controllers\App\UserController))
 4 SYSTEMPATH/CodeIgniter.php(366): CodeIgniter\CodeIgniter->handleRequest(null, Object(Config\Cache), false)
 5 FCPATH/index.php(67): CodeIgniter\CodeIgniter->run()
CRITICAL - 2023-08-13 08:07:54 --> Undefined property: stdClass::$coursetype
in APPPATH/Controllers/App/CourseController.php on line 96.
 1 APPPATH/Controllers/App/CourseController.php(96): CodeIgniter\Debug\Exceptions->errorHandler(8, 'Undefined property: stdClass::$coursetype', '/Applications/MAMP/htdocs/trainerapp/workout-webapp/app/Controllers/App/CourseController.php', 96, [...])
 2 SYSTEMPATH/CodeIgniter.php(932): App\Controllers\App\CourseController->save()
 3 SYSTEMPATH/CodeIgniter.php(497): CodeIgniter\CodeIgniter->runController(Object(App\Controllers\App\CourseController))
 4 SYSTEMPATH/CodeIgniter.php(366): CodeIgniter\CodeIgniter->handleRequest(null, Object(Config\Cache), false)
 5 FCPATH/index.php(67): CodeIgniter\CodeIgniter->run()
CRITICAL - 2023-08-13 08:13:50 --> Undefined variable: totalTime
in SYSTEMPATH/Debug/Toolbar/Views/toolbar.tpl.php on line 40.
 1 SYSTEMPATH/Debug/Toolbar/Views/toolbar.tpl.php(40): CodeIgniter\Debug\Exceptions->errorHandler(8, 'Undefined variable: totalTime', '/Applications/MAMP/htdocs/trainerapp/workout-webapp/system/Debug/Toolbar/Views/toolbar.tpl.php', 40, [...])
 2 SYSTEMPATH/Debug/Toolbar.php(511): include('/Applications/MAMP/htdocs/trainerapp/workout-webapp/system/Debug/Toolbar/Views/toolbar.tpl.php')
 3 SYSTEMPATH/Debug/Toolbar.php(474): CodeIgniter\Debug\Toolbar->format([...], 'html')
 4 APPPATH/Config/Events.php(46): CodeIgniter\Debug\Toolbar->respond()
 5 SYSTEMPATH/Events/Events.php(149): CodeIgniter\Events\Events::Config\{closure}()
 6 SYSTEMPATH/CodeIgniter.php(348): CodeIgniter\Events\Events::trigger('pre_system')
 7 FCPATH/index.php(67): CodeIgniter\CodeIgniter->run()
CRITICAL - 2023-08-13 09:19:05 --> syntax error, unexpected '$user' (T_VARIABLE), expecting ';' or ','
in APPPATH/Views/modules/configs/users/view.php on line 51.
 1 SYSTEMPATH/View/View.php(227): CodeIgniter\View\View->CodeIgniter\View\{closure}()
 2 SYSTEMPATH/View/View.php(452): CodeIgniter\View\View->render('modules/configs/users/view', null, true)
 3 APPPATH/Views/modules/configs/users/index.php(73): CodeIgniter\View\View->include('modules/configs/users/view')
 4 SYSTEMPATH/View/View.php(224): include('/Applications/MAMP/htdocs/trainerapp/workout-webapp/app/Views/modules/configs/users/index.php')
 5 SYSTEMPATH/View/View.php(227): CodeIgniter\View\View->CodeIgniter\View\{closure}()
 6 SYSTEMPATH/Common.php(1180): CodeIgniter\View\View->render('modules/configs/users/index', [], true)
 7 APPPATH/Controllers/App/UserController.php(78): view('modules/configs/users/index', [...])
 8 SYSTEMPATH/CodeIgniter.php(932): App\Controllers\App\UserController->get('8')
 9 SYSTEMPATH/CodeIgniter.php(497): CodeIgniter\CodeIgniter->runController(Object(App\Controllers\App\UserController))
10 SYSTEMPATH/CodeIgniter.php(366): CodeIgniter\CodeIgniter->handleRequest(null, Object(Config\Cache), false)
11 FCPATH/index.php(67): CodeIgniter\CodeIgniter->run()
CRITICAL - 2023-08-13 09:36:57 --> Undefined property: stdClass::$data
in APPPATH/Controllers/App/UserController.php on line 100.
 1 APPPATH/Controllers/App/UserController.php(100): CodeIgniter\Debug\Exceptions->errorHandler(8, 'Undefined property: stdClass::$data', '/Applications/MAMP/htdocs/trainerapp/workout-webapp/app/Controllers/App/UserController.php', 100, [...])
 2 SYSTEMPATH/CodeIgniter.php(932): App\Controllers\App\UserController->create()
 3 SYSTEMPATH/CodeIgniter.php(497): CodeIgniter\CodeIgniter->runController(Object(App\Controllers\App\UserController))
 4 SYSTEMPATH/CodeIgniter.php(366): CodeIgniter\CodeIgniter->handleRequest(null, Object(Config\Cache), false)
 5 FCPATH/index.php(67): CodeIgniter\CodeIgniter->run()
