CRITICAL - 2023-08-12 19:09:00 --> Undefined property: stdClass::$description
in APPPATH/Views/modules/configs/roles/overview.php on line 73.
 1 APPPATH/Views/modules/configs/roles/overview.php(73): CodeIgniter\Debug\Exceptions->errorHandler(8, 'Undefined property: stdClass::$description', '/Applications/MAMP/htdocs/trainerapp/workout-webapp/app/Views/modules/configs/roles/overview.php', 73, [...])
 2 SYSTEMPATH/View/View.php(224): include('/Applications/MAMP/htdocs/trainerapp/workout-webapp/app/Views/modules/configs/roles/overview.php')
 3 SYSTEMPATH/View/View.php(227): CodeIgniter\View\View->CodeIgniter\View\{closure}()
 4 SYSTEMPATH/View/View.php(452): CodeIgniter\View\View->render('modules/configs/roles/overview', null, true)
 5 APPPATH/Views/modules/configs/roles/index.php(69): CodeIgniter\View\View->include('modules/configs/roles/overview')
 6 SYSTEMPATH/View/View.php(224): include('/Applications/MAMP/htdocs/trainerapp/workout-webapp/app/Views/modules/configs/roles/index.php')
 7 SYSTEMPATH/View/View.php(227): CodeIgniter\View\View->CodeIgniter\View\{closure}()
 8 SYSTEMPATH/Common.php(1180): CodeIgniter\View\View->render('modules/configs/roles/index', [], true)
 9 APPPATH/Controllers/App/RoleController.php(47): view('modules/configs/roles/index', [...])
10 SYSTEMPATH/CodeIgniter.php(932): App\Controllers\App\RoleController->index()
11 SYSTEMPATH/CodeIgniter.php(497): CodeIgniter\CodeIgniter->runController(Object(App\Controllers\App\RoleController))
12 SYSTEMPATH/CodeIgniter.php(366): CodeIgniter\CodeIgniter->handleRequest(null, Object(Config\Cache), false)
13 FCPATH/index.php(67): CodeIgniter\CodeIgniter->run()
CRITICAL - 2023-08-12 19:28:17 --> syntax error, unexpected 'echo' (T_ECHO)
in APPPATH/Views/modules/configs/roles/overview.php on line 58.
 1 SYSTEMPATH/View/View.php(227): CodeIgniter\View\View->CodeIgniter\View\{closure}()
 2 SYSTEMPATH/View/View.php(452): CodeIgniter\View\View->render('modules/configs/roles/overview', null, true)
 3 APPPATH/Views/modules/configs/roles/index.php(60): CodeIgniter\View\View->include('modules/configs/roles/overview')
 4 SYSTEMPATH/View/View.php(224): include('/Applications/MAMP/htdocs/trainerapp/workout-webapp/app/Views/modules/configs/roles/index.php')
 5 SYSTEMPATH/View/View.php(227): CodeIgniter\View\View->CodeIgniter\View\{closure}()
 6 SYSTEMPATH/Common.php(1180): CodeIgniter\View\View->render('modules/configs/roles/index', [], true)
 7 APPPATH/Controllers/App/RoleController.php(47): view('modules/configs/roles/index', [...])
 8 SYSTEMPATH/CodeIgniter.php(932): App\Controllers\App\RoleController->index()
 9 SYSTEMPATH/CodeIgniter.php(497): CodeIgniter\CodeIgniter->runController(Object(App\Controllers\App\RoleController))
10 SYSTEMPATH/CodeIgniter.php(366): CodeIgniter\CodeIgniter->handleRequest(null, Object(Config\Cache), false)
11 FCPATH/index.php(67): CodeIgniter\CodeIgniter->run()
CRITICAL - 2023-08-12 19:28:30 --> Call to undefined method App\Models\App\RoleModel::getRole()
in APPPATH/Controllers/App/RoleController.php on line 58.
 1 SYSTEMPATH/CodeIgniter.php(932): App\Controllers\App\RoleController->get('1')
 2 SYSTEMPATH/CodeIgniter.php(497): CodeIgniter\CodeIgniter->runController(Object(App\Controllers\App\RoleController))
 3 SYSTEMPATH/CodeIgniter.php(366): CodeIgniter\CodeIgniter->handleRequest(null, Object(Config\Cache), false)
 4 FCPATH/index.php(67): CodeIgniter\CodeIgniter->run()
CRITICAL - 2023-08-12 19:29:48 --> Call to undefined method App\Models\App\RoleModel::getRole()
in APPPATH/Controllers/App/RoleController.php on line 58.
 1 SYSTEMPATH/CodeIgniter.php(932): App\Controllers\App\RoleController->get('1')
 2 SYSTEMPATH/CodeIgniter.php(497): CodeIgniter\CodeIgniter->runController(Object(App\Controllers\App\RoleController))
 3 SYSTEMPATH/CodeIgniter.php(366): CodeIgniter\CodeIgniter->handleRequest(null, Object(Config\Cache), false)
 4 FCPATH/index.php(67): CodeIgniter\CodeIgniter->run()
