CRITICAL - 2023-08-09 22:47:17 --> syntax error, unexpected 'elseif' (T_ELSEIF)
in APPPATH/Views/modules/configs/users/index.php on line 65.
 1 SYSTEMPATH/View/View.php(227): CodeIgniter\View\View->CodeIgniter\View\{closure}()
 2 SYSTEMPATH/Common.php(1180): CodeIgniter\View\View->render('modules/configs/users/index', [], true)
 3 APPPATH/Controllers/App/UserController.php(41): view('modules/configs/users/index', [...])
 4 SYSTEMPATH/CodeIgniter.php(932): App\Controllers\App\UserController->index()
 5 SYSTEMPATH/CodeIgniter.php(497): CodeIgniter\CodeIgniter->runController(Object(App\Controllers\App\UserController))
 6 SYSTEMPATH/CodeIgniter.php(366): CodeIgniter\CodeIgniter->handleRequest(null, Object(Config\Cache), false)
 7 FCPATH/index.php(67): CodeIgniter\CodeIgniter->run()
CRITICAL - 2023-08-09 22:55:20 --> Undefined variable: pagetitle
in APPPATH/Views/modules/configs/users/index.php on line 12.
 1 APPPATH/Views/modules/configs/users/index.php(12): CodeIgniter\Debug\Exceptions->errorHandler(8, 'Undefined variable: pagetitle', '/Applications/MAMP/htdocs/trainerapp/workout-webapp/app/Views/modules/configs/users/index.php', 12, [...])
 2 SYSTEMPATH/View/View.php(224): include('/Applications/MAMP/htdocs/trainerapp/workout-webapp/app/Views/modules/configs/users/index.php')
 3 SYSTEMPATH/View/View.php(227): CodeIgniter\View\View->CodeIgniter\View\{closure}()
 4 SYSTEMPATH/Common.php(1180): CodeIgniter\View\View->render('modules/configs/users/index', [], true)
 5 APPPATH/Controllers/App/UserController.php(56): view('modules/configs/users/index', [...])
 6 SYSTEMPATH/CodeIgniter.php(932): App\Controllers\App\UserController->create()
 7 SYSTEMPATH/CodeIgniter.php(497): CodeIgniter\CodeIgniter->runController(Object(App\Controllers\App\UserController))
 8 SYSTEMPATH/CodeIgniter.php(366): CodeIgniter\CodeIgniter->handleRequest(null, Object(Config\Cache), false)
 9 FCPATH/index.php(67): CodeIgniter\CodeIgniter->run()
